[20388:17768:0323/225422.425:WARNING:chrome_main_delegate.cc(740)] This is Chrome version 123.0.6312.59 (not a warning)
[20388:17768:0323/225422.511:INFO:policy_logger.cc(145)] :components\enterprise\browser\controller\chrome_browser_cloud_management_controller.cc(168) Starting CBCM Controller Initialization
[20388:17768:0323/225422.511:INFO:policy_logger.cc(145)] :components\enterprise\browser\controller\chrome_browser_cloud_management_controller.cc(196) No machine level policy manager exists.
[20388:17768:0323/225423.666:INFO:CONSOLE(22)] "[cycle] terminating; too few slides: 1", source: https://static.msscdn.net/skin/musinsa/js/jquery.cycle.all.js?20160202 (22)
[20388:17768:0323/225424.071:INFO:CONSOLE(0)] "Third-party cookie will be blocked. Learn more in the Issues tab.", source: https://www.musinsa.com/app/ (0)
[20388:17768:0323/225424.071:INFO:CONSOLE(0)] "Third-party cookie will be blocked. Learn more in the Issues tab.", source: https://www.musinsa.com/app/ (0)
[20388:17768:0323/225424.074:INFO:CONSOLE(0)] "Third-party cookie will be blocked. Learn more in the Issues tab.", source: https://www.musinsa.com/app/ (0)
[20388:17768:0323/225424.146:INFO:CONSOLE(111)] "Unrecognized feature: 'attribution-reporting'.", source: https://connect.facebook.net/signals/config/240753852943871?v=2.9.150&r=stable&domain=www.musinsa.com&hme=8b8eb2472f555e54a8b57f2b720f9bd3b1bc6aed031525376dd772ba51107995&ex_m=63%2C107%2C95%2C99%2C54%2C3%2C89%2C62%2C14%2C87%2C80%2C45%2C47%2C153%2C156%2C167%2C163%2C164%2C166%2C26%2C90%2C46%2C69%2C165%2C148%2C151%2C160%2C161%2C168%2C116%2C13%2C44%2C172%2C171%2C118%2C16%2C30%2C33%2C1%2C37%2C58%2C59%2C60%2C64%2C84%2C15%2C12%2C86%2C83%2C82%2C96%2C98%2C32%2C97%2C27%2C23%2C149%2C152%2C125%2C25%2C9%2C10%2C11%2C5%2C6%2C22%2C19%2C20%2C50%2C55%2C57%2C67%2C91%2C24%2C68%2C8%2C7%2C72%2C42%2C18%2C93%2C92%2C17%2C74%2C79%2C41%2C40%2C78%2C34%2C36%2C77%2C49%2C75%2C29%2C38%2C66%2C0%2C85%2C4%2C81%2C73%2C76%2C2%2C31%2C56%2C35%2C94%2C39%2C71%2C61%2C100%2C53%2C52%2C28%2C88%2C51%2C48%2C43%2C70%2C65%2C21%2C101 (111)
[20388:17768:0323/225424.155:INFO:CONSOLE(0)] "Third-party cookie will be blocked. Learn more in the Issues tab.", source: https://www.musinsa.com/app/ (0)
[20388:17768:0323/225424.156:INFO:CONSOLE(0)] "Third-party cookie will be blocked. Learn more in the Issues tab.", source: https://www.musinsa.com/app/ (0)
[20388:17768:0323/225424.156:INFO:CONSOLE(0)] "Third-party cookie will be blocked. Learn more in the Issues tab.", source: https://www.musinsa.com/app/ (0)
[20388:17768:0323/225424.157:INFO:CONSOLE(0)] "Third-party cookie will be blocked. Learn more in the Issues tab.", source: https://www.musinsa.com/app/ (0)
[20388:17768:0323/225424.157:INFO:CONSOLE(0)] "Third-party cookie will be blocked. Learn more in the Issues tab.", source: https://www.musinsa.com/app/ (0)
[20388:17768:0323/225424.157:INFO:CONSOLE(0)] "Third-party cookie will be blocked. Learn more in the Issues tab.", source: https://www.musinsa.com/app/ (0)
[20388:17768:0323/225424.157:INFO:CONSOLE(0)] "Third-party cookie will be blocked. Learn more in the Issues tab.", source: https://www.musinsa.com/app/ (0)
[20388:17768:0323/225424.240:INFO:CONSOLE(0)] "Third-party cookie will be blocked. Learn more in the Issues tab.", source: https://www.musinsa.com/app/ (0)
[20388:17768:0323/225424.364:INFO:CONSOLE(0)] "Third-party cookie will be blocked. Learn more in the Issues tab.", source: https://www.musinsa.com/app/ (0)
[20388:17768:0323/225424.364:INFO:CONSOLE(0)] "Third-party cookie will be blocked. Learn more in the Issues tab.", source: https://www.musinsa.com/app/ (0)
[20388:17768:0323/225424.370:INFO:CONSOLE(0)] "Third-party cookie will be blocked. Learn more in the Issues tab.", source: https://www.musinsa.com/app/ (0)
[20388:17768:0323/225424.643:INFO:CONSOLE(0)] "Third-party cookie will be blocked. Learn more in the Issues tab.", source: https://www.musinsa.com/app/ (0)
[20388:17768:0323/225424.643:INFO:CONSOLE(0)] "Third-party cookie will be blocked. Learn more in the Issues tab.", source: https://www.musinsa.com/app/ (0)
[20388:17768:0323/225424.644:INFO:CONSOLE(0)] "Third-party cookie will be blocked. Learn more in the Issues tab.", source: https://www.musinsa.com/app/ (0)
[20388:17768:0323/225424.644:INFO:CONSOLE(0)] "Third-party cookie will be blocked. Learn more in the Issues tab.", source: https://www.musinsa.com/app/ (0)
[20388:17768:0323/225424.644:INFO:CONSOLE(0)] "Third-party cookie will be blocked. Learn more in the Issues tab.", source: https://www.musinsa.com/app/ (0)
[20388:17768:0323/225424.644:INFO:CONSOLE(0)] "Third-party cookie will be blocked. Learn more in the Issues tab.", source: https://www.musinsa.com/app/ (0)
[20388:17768:0323/225424.644:INFO:CONSOLE(0)] "Third-party cookie will be blocked. Learn more in the Issues tab.", source: https://www.musinsa.com/app/ (0)
[20388:17768:0323/225424.644:INFO:CONSOLE(0)] "Third-party cookie will be blocked. Learn more in the Issues tab.", source: https://www.musinsa.com/app/ (0)
[20388:17768:0323/225424.644:INFO:CONSOLE(0)] "Third-party cookie will be blocked. Learn more in the Issues tab.", source: https://www.musinsa.com/app/ (0)
[20388:17768:0323/225424.644:INFO:CONSOLE(0)] "Third-party cookie will be blocked. Learn more in the Issues tab.", source: https://www.musinsa.com/app/ (0)
[20388:17768:0323/225424.647:INFO:CONSOLE(1)] "An iframe which has both allow-scripts and allow-same-origin for its sandbox attribute can escape its sandboxing.", source: https://sslwidget.criteo.com/event?a=10484&v=5.23.0&otl=1&p0=e%3Dce%26m%3D%255B%255D&p1=e%3Dexd%26site_type%3Dd&p2=e%3Dvh&p3=e%3Ddis&adce=1&bundle=t_wHE19NVTd5Y2VYTEkzaEZsZzQ1Z3JlWHVkU296cE5qTFA2QTBUNEREUG44ayUyRjJ5dlZJOXNIZGZxYSUyQjRiTXVqMzBRTThBN1pYdjlNJTJCNGdWb29IZldOWE1kZGh1N1NhVVBaOXVROVNvQVJjRWd4cGNUS3dPRVdpMVlOQXl1VkgzV2JJbE5UWHFhVyUyQlVKVjROcElHTno4THdIZyUzRCUzRA&tld=musinsa.com&fu=https%253A%252F%252Fwww.musinsa.com%252Fapp%252F&ceid=1616e0dd-9b78-441a-af53-1ddcd6c21abb&dtycbr=39928 (1)
[20388:17768:0323/225424.702:INFO:CONSOLE(0)] "Third-party cookie will be blocked. Learn more in the Issues tab.", source: https://www.musinsa.com/app/ (0)
[20388:17768:0323/225424.702:INFO:CONSOLE(0)] "Third-party cookie will be blocked. Learn more in the Issues tab.", source: https://www.musinsa.com/app/ (0)
[20388:17768:0323/225424.702:INFO:CONSOLE(0)] "Third-party cookie will be blocked. Learn more in the Issues tab.", source: https://www.musinsa.com/app/ (0)
[20388:17768:0323/225424.703:INFO:CONSOLE(0)] "Third-party cookie will be blocked. Learn more in the Issues tab.", source: https://www.musinsa.com/app/ (0)
[20388:17768:0323/225424.703:INFO:CONSOLE(0)] "Third-party cookie will be blocked. Learn more in the Issues tab.", source: https://www.musinsa.com/app/ (0)
[20388:17768:0323/225424.703:INFO:CONSOLE(0)] "Third-party cookie will be blocked. Learn more in the Issues tab.", source: https://www.musinsa.com/app/ (0)
[20388:17768:0323/225424.737:INFO:CONSOLE(0)] "Third-party cookie will be blocked. Learn more in the Issues tab.", source: https://www.musinsa.com/app/ (0)
[20388:17768:0323/225424.737:INFO:CONSOLE(0)] "Third-party cookie will be blocked. Learn more in the Issues tab.", source: https://www.musinsa.com/app/ (0)
[20388:17768:0323/225424.737:INFO:CONSOLE(0)] "Third-party cookie will be blocked. Learn more in the Issues tab.", source: https://www.musinsa.com/app/ (0)
[20388:17768:0323/225424.758:INFO:CONSOLE(0)] "Third-party cookie will be blocked. Learn more in the Issues tab.", source: https://www.musinsa.com/app/ (0)
[20388:17768:0323/225424.758:INFO:CONSOLE(0)] "Third-party cookie will be blocked. Learn more in the Issues tab.", source: https://www.musinsa.com/app/ (0)
[20388:17768:0323/225424.758:INFO:CONSOLE(0)] "Third-party cookie will be blocked. Learn more in the Issues tab.", source: https://www.musinsa.com/app/ (0)
[20388:17768:0323/225424.758:INFO:CONSOLE(0)] "Third-party cookie will be blocked. Learn more in the Issues tab.", source: https://www.musinsa.com/app/ (0)
[20388:17768:0323/225424.764:INFO:CONSOLE(0)] "Third-party cookie will be blocked. Learn more in the Issues tab.", source: https://www.musinsa.com/app/ (0)
[20388:17768:0323/225424.765:INFO:CONSOLE(0)] "Third-party cookie will be blocked. Learn more in the Issues tab.", source: https://www.musinsa.com/app/ (0)
[20388:17768:0323/225424.765:INFO:CONSOLE(0)] "Third-party cookie will be blocked. Learn more in the Issues tab.", source: https://www.musinsa.com/app/ (0)
[20388:17768:0323/225424.765:INFO:CONSOLE(0)] "Third-party cookie will be blocked. Learn more in the Issues tab.", source: https://www.musinsa.com/app/ (0)
[20388:17768:0323/225424.765:INFO:CONSOLE(0)] "Third-party cookie will be blocked. Learn more in the Issues tab.", source: https://www.musinsa.com/app/ (0)
[20388:17768:0323/225424.774:INFO:CONSOLE(0)] "Third-party cookie will be blocked. Learn more in the Issues tab.", source: https://www.musinsa.com/app/ (0)
[20388:17768:0323/225424.774:INFO:CONSOLE(0)] "Third-party cookie will be blocked. Learn more in the Issues tab.", source: https://www.musinsa.com/app/ (0)
[20388:17768:0323/225424.774:INFO:CONSOLE(0)] "Third-party cookie will be blocked. Learn more in the Issues tab.", source: https://www.musinsa.com/app/ (0)
[20388:17768:0323/225424.774:INFO:CONSOLE(0)] "Third-party cookie will be blocked. Learn more in the Issues tab.", source: https://www.musinsa.com/app/ (0)
[20388:17768:0323/225424.788:INFO:CONSOLE(0)] "Third-party cookie will be blocked. Learn more in the Issues tab.", source: https://www.musinsa.com/app/ (0)
[20388:17768:0323/225424.788:INFO:CONSOLE(0)] "Third-party cookie will be blocked. Learn more in the Issues tab.", source: https://www.musinsa.com/app/ (0)
[20388:17768:0323/225424.788:INFO:CONSOLE(0)] "Third-party cookie will be blocked. Learn more in the Issues tab.", source: https://www.musinsa.com/app/ (0)
[20388:17768:0323/225424.788:INFO:CONSOLE(0)] "Third-party cookie will be blocked. Learn more in the Issues tab.", source: https://www.musinsa.com/app/ (0)
[20388:17768:0323/225424.788:INFO:CONSOLE(0)] "Third-party cookie will be blocked. Learn more in the Issues tab.", source: https://www.musinsa.com/app/ (0)
[20388:17768:0323/225424.803:INFO:CONSOLE(0)] "Third-party cookie will be blocked. Learn more in the Issues tab.", source: https://www.musinsa.com/app/ (0)
[20388:17768:0323/225424.803:INFO:CONSOLE(0)] "Third-party cookie will be blocked. Learn more in the Issues tab.", source: https://www.musinsa.com/app/ (0)
[20388:17768:0323/225424.803:INFO:CONSOLE(0)] "Third-party cookie will be blocked. Learn more in the Issues tab.", source: https://www.musinsa.com/app/ (0)
[20388:17768:0323/225424.806:INFO:CONSOLE(0)] "Third-party cookie will be blocked. Learn more in the Issues tab.", source: https://www.musinsa.com/app/ (0)
[20388:17768:0323/225424.806:INFO:CONSOLE(0)] "Third-party cookie will be blocked. Learn more in the Issues tab.", source: https://www.musinsa.com/app/ (0)
[20388:17768:0323/225425.289:INFO:CONSOLE(0)] "Third-party cookie will be blocked. Learn more in the Issues tab.", source: https://www.musinsa.com/ranking/best (0)
[20388:17768:0323/225425.289:INFO:CONSOLE(0)] "Third-party cookie will be blocked. Learn more in the Issues tab.", source: https://www.musinsa.com/ranking/best (0)
[20388:17768:0323/225425.295:INFO:CONSOLE(111)] "Unrecognized feature: 'attribution-reporting'.", source: https://connect.facebook.net/signals/config/240753852943871?v=2.9.150&r=stable&domain=www.musinsa.com&hme=8b8eb2472f555e54a8b57f2b720f9bd3b1bc6aed031525376dd772ba51107995&ex_m=63%2C107%2C95%2C99%2C54%2C3%2C89%2C62%2C14%2C87%2C80%2C45%2C47%2C153%2C156%2C167%2C163%2C164%2C166%2C26%2C90%2C46%2C69%2C165%2C148%2C151%2C160%2C161%2C168%2C116%2C13%2C44%2C172%2C171%2C118%2C16%2C30%2C33%2C1%2C37%2C58%2C59%2C60%2C64%2C84%2C15%2C12%2C86%2C83%2C82%2C96%2C98%2C32%2C97%2C27%2C23%2C149%2C152%2C125%2C25%2C9%2C10%2C11%2C5%2C6%2C22%2C19%2C20%2C50%2C55%2C57%2C67%2C91%2C24%2C68%2C8%2C7%2C72%2C42%2C18%2C93%2C92%2C17%2C74%2C79%2C41%2C40%2C78%2C34%2C36%2C77%2C49%2C75%2C29%2C38%2C66%2C0%2C85%2C4%2C81%2C73%2C76%2C2%2C31%2C56%2C35%2C94%2C39%2C71%2C61%2C100%2C53%2C52%2C28%2C88%2C51%2C48%2C43%2C70%2C65%2C21%2C101 (111)
[20388:17768:0323/225425.326:INFO:CONSOLE(0)] "Third-party cookie will be blocked. Learn more in the Issues tab.", source: https://www.musinsa.com/ranking/best (0)
[20388:17768:0323/225425.326:INFO:CONSOLE(0)] "Third-party cookie will be blocked. Learn more in the Issues tab.", source: https://www.musinsa.com/ranking/best (0)
[20388:17768:0323/225425.326:INFO:CONSOLE(0)] "Third-party cookie will be blocked. Learn more in the Issues tab.", source: https://www.musinsa.com/ranking/best (0)
[20388:17768:0323/225425.329:INFO:CONSOLE(0)] "Third-party cookie will be blocked. Learn more in the Issues tab.", source: https://www.musinsa.com/ranking/best (0)
[20388:17768:0323/225425.369:INFO:CONSOLE(0)] "Third-party cookie will be blocked. Learn more in the Issues tab.", source: https://www.musinsa.com/ranking/best (0)
[20388:17768:0323/225425.425:INFO:CONSOLE(0)] "Third-party cookie will be blocked. Learn more in the Issues tab.", source: https://www.musinsa.com/ranking/best (0)
[20388:17768:0323/225425.445:INFO:CONSOLE(0)] "Third-party cookie will be blocked. Learn more in the Issues tab.", source: https://www.musinsa.com/ranking/best (0)
[20388:17768:0323/225425.445:INFO:CONSOLE(0)] "Third-party cookie will be blocked. Learn more in the Issues tab.", source: https://www.musinsa.com/ranking/best (0)
[20388:17768:0323/225425.494:INFO:CONSOLE(0)] "Third-party cookie will be blocked. Learn more in the Issues tab.", source: https://www.musinsa.com/ranking/best (0)
[20388:17768:0323/225425.494:INFO:CONSOLE(0)] "Third-party cookie will be blocked. Learn more in the Issues tab.", source: https://www.musinsa.com/ranking/best (0)
[20388:17768:0323/225425.494:INFO:CONSOLE(0)] "Third-party cookie will be blocked. Learn more in the Issues tab.", source: https://www.musinsa.com/ranking/best (0)
[20388:17768:0323/225425.494:INFO:CONSOLE(0)] "Third-party cookie will be blocked. Learn more in the Issues tab.", source: https://www.musinsa.com/ranking/best (0)
[20388:17768:0323/225425.494:INFO:CONSOLE(0)] "Third-party cookie will be blocked. Learn more in the Issues tab.", source: https://www.musinsa.com/ranking/best (0)
[20388:17768:0323/225425.494:INFO:CONSOLE(0)] "Third-party cookie will be blocked. Learn more in the Issues tab.", source: https://www.musinsa.com/ranking/best (0)
[20388:17768:0323/225425.524:INFO:CONSOLE(0)] "Third-party cookie will be blocked. Learn more in the Issues tab.", source: https://www.musinsa.com/ranking/best (0)
[20388:17768:0323/225425.524:INFO:CONSOLE(0)] "Third-party cookie will be blocked. Learn more in the Issues tab.", source: https://www.musinsa.com/ranking/best (0)
[20388:17768:0323/225425.524:INFO:CONSOLE(0)] "Third-party cookie will be blocked. Learn more in the Issues tab.", source: https://www.musinsa.com/ranking/best (0)
[20388:17768:0323/225425.524:INFO:CONSOLE(0)] "Third-party cookie will be blocked. Learn more in the Issues tab.", source: https://www.musinsa.com/ranking/best (0)
[20388:17768:0323/225430.099:INFO:CONSOLE(0)] "Third-party cookie will be blocked. Learn more in the Issues tab.", source: https://www.musinsa.com/ranking/best (0)
[20388:17768:0323/225600.331:WARNING:pref_notifier_impl.cc(41)] Pref observer for media_router.cast_allow_all_ips found at shutdown.
